Using pre-set license
Built from '6000.0/staging' branch; Version is '6000.0.41f1 (46e447368a18) revision 4645959'; Using compiler version '193933523'; Build Type 'Release'
OS: 'Windows 10  (10.0.19045) 64bit Professional' Language: 'en' Physical Memory: 16251 MB
BatchMode: 1, IsHumanControllingUs: 0, StartBugReporterOnCrash: 0, Is64bit: 1, IsPro: 1

COMMAND LINE ARGUMENTS:
C:\Program Files\Unity\Hub\Editor\6000.0.41f1\Editor\Unity.exe
-adb2
-batchMode
-noUpm
-name
AssetImportWorker3
-projectPath
C:/Users/nagaty/Desktop/My project (2)
-logFile
Logs/AssetImportWorker3.log
-srvPort
51193
-job-worker-count
5
-background-job-worker-count
8
-gc-helper-count
1
Successfully changed project path to: C:/Users/nagaty/Desktop/My project (2)
C:/Users/nagaty/Desktop/My project (2)
[UnityMemory] Configuration Parameters - Can be set up in boot.config
    "memorysetup-bucket-allocator-granularity=16"
    "memorysetup-bucket-allocator-bucket-count=8"
    "memorysetup-bucket-allocator-block-size=33554432"
    "memorysetup-bucket-allocator-block-count=8"
    "memorysetup-main-allocator-block-size=16777216"
    "memorysetup-thread-allocator-block-size=16777216"
    "memorysetup-gfx-main-allocator-block-size=16777216"
    "memorysetup-gfx-thread-allocator-block-size=16777216"
    "memorysetup-cache-allocator-block-size=4194304"
    "memorysetup-typetree-allocator-block-size=2097152"
    "memorysetup-profiler-bucket-allocator-granularity=16"
    "memorysetup-profiler-bucket-allocator-bucket-count=8"
    "memorysetup-profiler-bucket-allocator-block-size=33554432"
    "memorysetup-profiler-bucket-allocator-block-count=8"
    "memorysetup-profiler-allocator-block-size=16777216"
    "memorysetup-profiler-editor-allocator-block-size=1048576"
    "memorysetup-temp-allocator-size-main=16777216"
    "memorysetup-job-temp-allocator-block-size=2097152"
    "memorysetup-job-temp-allocator-block-size-background=1048576"
    "memorysetup-job-temp-allocator-reduction-small-platforms=262144"
    "memorysetup-allocator-temp-initial-block-size-main=262144"
    "memorysetup-allocator-temp-initial-block-size-worker=262144"
    "memorysetup-temp-allocator-size-background-worker=32768"
    "memorysetup-temp-allocator-size-job-worker=262144"
    "memorysetup-temp-allocator-size-preload-manager=33554432"
    "memorysetup-temp-allocator-size-nav-mesh-worker=65536"
    "memorysetup-temp-allocator-size-audio-worker=65536"
    "memorysetup-temp-allocator-size-cloud-worker=32768"
    "memorysetup-temp-allocator-size-gi-baking-worker=262144"
    "memorysetup-temp-allocator-size-gi-baking-worker=262144"
    "memorysetup-temp-allocator-size-gi-baking-worker=262144"
    "memorysetup-temp-allocator-size-gi-baking-worker=262144"
    "memorysetup-temp-allocator-size-gi-baking-worker=262144"
    "memorysetup-temp-allocator-size-gfx=262144"
Player connection [1156]  Target information:

Player connection [1156]  * "[IP] 172.25.16.1 [Port] 0 [Flags] 2 [Guid] 4215134025 [EditorId] 4215134025 [Version] 1048832 [Id] WindowsEditor(7,DESKTOP-KA00QPQ) [Debug] 1 [PackageName] WindowsEditor [ProjectName] Editor" 

Player connection [1156]  * "[IP] 172.18.240.1 [Port] 0 [Flags] 2 [Guid] 4215134025 [EditorId] 4215134025 [Version] 1048832 [Id] WindowsEditor(7,DESKTOP-KA00QPQ) [Debug] 1 [PackageName] WindowsEditor [ProjectName] Editor" 

Player connection [1156]  * "[IP] 192.168.1.103 [Port] 0 [Flags] 2 [Guid] 4215134025 [EditorId] 4215134025 [Version] 1048832 [Id] WindowsEditor(7,DESKTOP-KA00QPQ) [Debug] 1 [PackageName] WindowsEditor [ProjectName] Editor" 

Unable to join player connection multicast group (err: 10013).
Player connection [1156] Host joined alternative multi-casting on [225.0.0.222:34997]...
JobSystem: Creating JobQueue using job-worker-count value 5
Input System module state changed to: Initialized.
[Physics::Module] Initialized fallback backend.
[Physics::Module] Id: 0xdecafbad
Library Redirect Path: Library/
[Physics::Module] Selected backend.
[Physics::Module] Name: PhysX
[Physics::Module] Id: 0xf2b8ea05
[Physics::Module] SDK Version: 4.1.2
[Physics::Module] Integration Version: 1.0.0
[Physics::Module] Threading Mode: Multi-Threaded
Refreshing native plugins compatible for Editor in 1.71 ms, found 3 plugins.
Preloading 0 native plugins for Editor in 0.00 ms.
Initialize engine version: 6000.0.41f1 (46e447368a18)
[Subsystems] Discovering subsystems at path C:/Program Files/Unity/Hub/Editor/6000.0.41f1/Editor/Data/Resources/UnitySubsystems
[Subsystems] Discovering subsystems at path C:/Users/nagaty/Desktop/My project (2)/Assets
GfxDevice: creating device client; kGfxThreadingModeNonThreaded
Direct3D:
    Version:  Direct3D 11.0 [level 11.1]
    Renderer: NVIDIA GeForce GTX 1650 (ID=0x1f99)
    Vendor:   NVIDIA
    VRAM:     3962 MB
    Driver:   27.21.14.6692
Initialize mono
Mono path[0] = 'C:/Program Files/Unity/Hub/Editor/6000.0.41f1/Editor/Data/Managed'
Mono path[1] = 'C:/Program Files/Unity/Hub/Editor/6000.0.41f1/Editor/Data/MonoBleedingEdge/lib/mono/unityjit-win32'
Mono config path = 'C:/Program Files/Unity/Hub/Editor/6000.0.41f1/Editor/Data/MonoBleedingEdge/etc'
Using monoOptions --debugger-agent=transport=dt_socket,embedding=1,server=y,suspend=n,address=127.0.0.1:56388
Begin MonoManager ReloadAssembly
Registering precompiled unity dll's ...
Register platform support module: C:/Program Files/Unity/Hub/Editor/6000.0.41f1/Editor/Data/PlaybackEngines/WebGLSupport/UnityEditor.WebGL.Extensions.dll
Register platform support module: C:/Program Files/Unity/Hub/Editor/6000.0.41f1/Editor/Data/PlaybackEngines/WindowsStandaloneSupport/UnityEditor.WindowsStandalone.Extensions.dll
Registered in 0.004340 seconds.
- Loaded All Assemblies, in  0.424 seconds
Native extension for WindowsStandalone target not found
Native extension for WebGL target not found
Mono: successfully reloaded assembly
- Finished resetting the current domain, in  0.381 seconds
Domain Reload Profiling: 802ms
	BeginReloadAssembly (141ms)
		ExecutionOrderSort (0ms)
		DisableScriptedObjects (0ms)
		BackupInstance (0ms)
		ReleaseScriptingObjects (0ms)
		CreateAndSetChildDomain (1ms)
	RebuildCommonClasses (40ms)
	RebuildNativeTypeToScriptingClass (14ms)
	initialDomainReloadingComplete (53ms)
	LoadAllAssembliesAndSetupDomain (172ms)
		LoadAssemblies (138ms)
		RebuildTransferFunctionScriptingTraits (0ms)
		AnalyzeDomain (169ms)
			TypeCache.Refresh (167ms)
				TypeCache.ScanAssembly (153ms)
			BuildScriptInfoCaches (0ms)
			ResolveRequiredComponents (0ms)
	FinalizeReload (381ms)
		ReleaseScriptCaches (0ms)
		RebuildScriptCaches (0ms)
		SetupLoadedEditorAssemblies (332ms)
			LogAssemblyErrors (0ms)
			InitializePlatformSupportModulesInManaged (28ms)
			SetLoadedEditorAssemblies (5ms)
			BeforeProcessingInitializeOnLoad (67ms)
			ProcessInitializeOnLoadAttributes (174ms)
			ProcessInitializeOnLoadMethodAttributes (59ms)
			AfterProcessingInitializeOnLoad (0ms)
			EditorAssembliesLoaded (0ms)
		ExecutionOrderSort2 (0ms)
		AwakeInstancesAfterBackupRestoration (0ms)
========================================================================
Worker process is ready to serve import requests
Import Worker Mode flag is 0x00
Begin MonoManager ReloadAssembly
- Loaded All Assemblies, in  0.855 seconds
Refreshing native plugins compatible for Editor in 1.03 ms, found 3 plugins.
Native extension for WindowsStandalone target not found
Native extension for WebGL target not found
Mono: successfully reloaded assembly
- Finished resetting the current domain, in  0.825 seconds
Domain Reload Profiling: 1674ms
	BeginReloadAssembly (206ms)
		ExecutionOrderSort (0ms)
		DisableScriptedObjects (8ms)
		BackupInstance (0ms)
		ReleaseScriptingObjects (0ms)
		CreateAndSetChildDomain (32ms)
	RebuildCommonClasses (42ms)
	RebuildNativeTypeToScriptingClass (15ms)
	initialDomainReloadingComplete (48ms)
	LoadAllAssembliesAndSetupDomain (538ms)
		LoadAssemblies (402ms)
		RebuildTransferFunctionScriptingTraits (0ms)
		AnalyzeDomain (263ms)
			TypeCache.Refresh (196ms)
				TypeCache.ScanAssembly (179ms)
			BuildScriptInfoCaches (51ms)
			ResolveRequiredComponents (13ms)
	FinalizeReload (825ms)
		ReleaseScriptCaches (0ms)
		RebuildScriptCaches (0ms)
		SetupLoadedEditorAssemblies (636ms)
			LogAssemblyErrors (0ms)
			InitializePlatformSupportModulesInManaged (3ms)
			SetLoadedEditorAssemblies (6ms)
			BeforeProcessingInitializeOnLoad (122ms)
			ProcessInitializeOnLoadAttributes (396ms)
			ProcessInitializeOnLoadMethodAttributes (101ms)
			AfterProcessingInitializeOnLoad (7ms)
			EditorAssembliesLoaded (0ms)
		ExecutionOrderSort2 (0ms)
		AwakeInstancesAfterBackupRestoration (8ms)
Launched and connected shader compiler UnityShaderCompiler.exe after 0.01 seconds
Refreshing native plugins compatible for Editor in 1.18 ms, found 3 plugins.
Preloading 0 native plugins for Editor in 0.00 ms.
Unloading 198 Unused Serialized files (Serialized files now loaded: 0)
Unloading 5965 unused Assets / (6.8 MB). Loaded Objects now: 6621.
Memory consumption went from 160.2 MB to 153.4 MB.
Total: 10.734600 ms (FindLiveObjects: 0.728700 ms CreateObjectMapping: 1.558200 ms MarkObjects: 4.722500 ms  DeleteObjects: 3.723500 ms)

========================================================================
Received Import Request.
  Time since last request: 341984.505519 seconds.
  path: Assets/Materials/pictures/pic1(other).mat
  artifactKey: Guid(7e846b86c301b8e439c597d69d41486e) Importer(815301076,1909f56bfc062723c751e8b465ee728b)
Start importing Assets/Materials/pictures/pic1(other).mat using Guid(7e846b86c301b8e439c597d69d41486e) Importer(815301076,1909f56bfc062723c751e8b465ee728b) (PreviewImporter) -> (artifact id: '96c74083789b70b0d36792e889cf0686') in 0.645555 seconds
Number of updated asset objects reloaded before import = 0Number of asset objects unloaded after import = 4

========================================================================
Received Import Request.
  Time since last request: 0.623199 seconds.
  path: Assets/Prefabs/picture_frame.prefab
  artifactKey: Guid(0337c888e7b38394bbcd780e15bec188) Importer(815301076,1909f56bfc062723c751e8b465ee728b)
Start importing Assets/Prefabs/picture_frame.prefab using Guid(0337c888e7b38394bbcd780e15bec188) Importer(815301076,1909f56bfc062723c751e8b465ee728b) (PreviewImporter) -> (artifact id: '80ead6b29c76848635ae16be2dbed697') in 0.0626838 seconds
Number of updated asset objects reloaded before import = 0Number of asset objects unloaded after import = 32

========================================================================
Received Import Request.
  Time since last request: 2129.899540 seconds.
  path: Assets/hty/main2/Lightmap-0_comp_dir.png
  artifactKey: Guid(67ea3a0655ea52b45ae515b2710423df) Importer(815301076,1909f56bfc062723c751e8b465ee728b)
Start importing Assets/hty/main2/Lightmap-0_comp_dir.png using Guid(67ea3a0655ea52b45ae515b2710423df) Importer(815301076,1909f56bfc062723c751e8b465ee728b) (PreviewImporter) -> (artifact id: 'faffc472a370d0515d67dd3aecd5c1e7') in 0.065345 seconds
Number of updated asset objects reloaded before import = 0Number of asset objects unloaded after import = 2

========================================================================
Received Import Request.
  Time since last request: 0.000044 seconds.
  path: Assets/hty/main2/Lightmap-0_comp_light.exr
  artifactKey: Guid(88afdc2447e5b6242a8bdd428f6ab9b8) Importer(815301076,1909f56bfc062723c751e8b465ee728b)
Start importing Assets/hty/main2/Lightmap-0_comp_light.exr using Guid(88afdc2447e5b6242a8bdd428f6ab9b8) Importer(815301076,1909f56bfc062723c751e8b465ee728b) (PreviewImporter) -> (artifact id: '04947929778b0e59dfbdd916d1a927ef') in 0.030544 seconds
Number of updated asset objects reloaded before import = 0Number of asset objects unloaded after import = 2

========================================================================
Received Import Request.
  Time since last request: 0.000049 seconds.
  path: Assets/hty/main2/Lightmap-7_comp_dir.png
  artifactKey: Guid(a8c0c4b906e4625418ecc6fbd3eb9493) Importer(815301076,1909f56bfc062723c751e8b465ee728b)
Start importing Assets/hty/main2/Lightmap-7_comp_dir.png using Guid(a8c0c4b906e4625418ecc6fbd3eb9493) Importer(815301076,1909f56bfc062723c751e8b465ee728b) (PreviewImporter) -> (artifact id: 'e388672c568bbbd04c4027250915ceca') in 0.0197182 seconds
Number of updated asset objects reloaded before import = 0Number of asset objects unloaded after import = 2

========================================================================
Received Import Request.
  Time since last request: 0.000025 seconds.
  path: Assets/hty/main2/Lightmap-6_comp_dir.png
  artifactKey: Guid(fee906c389437be4f9301cdb6d907332) Importer(815301076,1909f56bfc062723c751e8b465ee728b)
Start importing Assets/hty/main2/Lightmap-6_comp_dir.png using Guid(fee906c389437be4f9301cdb6d907332) Importer(815301076,1909f56bfc062723c751e8b465ee728b) (PreviewImporter) -> (artifact id: '51536a6d301eb454d1f07f5d2029bdfc') in 0.020081 seconds
Number of updated asset objects reloaded before import = 0Number of asset objects unloaded after import = 2

========================================================================
Received Import Request.
  Time since last request: 0.000025 seconds.
  path: Assets/hty/main2/Lightmap-6_comp_light.exr
  artifactKey: Guid(4b38db0de1368204ba9fc770327c0134) Importer(815301076,1909f56bfc062723c751e8b465ee728b)
Start importing Assets/hty/main2/Lightmap-6_comp_light.exr using Guid(4b38db0de1368204ba9fc770327c0134) Importer(815301076,1909f56bfc062723c751e8b465ee728b) (PreviewImporter) -> (artifact id: '09a51cd97e1eb0428cfc3e4fcfea06c3') in 0.0211399 seconds
Number of updated asset objects reloaded before import = 0Number of asset objects unloaded after import = 2

========================================================================
Received Import Request.
  Time since last request: 0.000046 seconds.
  path: Assets/hty/main2/Lightmap-3_comp_dir.png
  artifactKey: Guid(fb9922630bb96f34c97ae3ddf25c30f2) Importer(815301076,1909f56bfc062723c751e8b465ee728b)
Start importing Assets/hty/main2/Lightmap-3_comp_dir.png using Guid(fb9922630bb96f34c97ae3ddf25c30f2) Importer(815301076,1909f56bfc062723c751e8b465ee728b) (PreviewImporter) -> (artifact id: '525aaae915a3a5e5380537be10334579') in 0.0197619 seconds
Number of updated asset objects reloaded before import = 0Number of asset objects unloaded after import = 2

========================================================================
Received Import Request.
  Time since last request: 0.000044 seconds.
  path: Assets/hty/main2/Lightmap-17_comp_light.exr
  artifactKey: Guid(e9fa6a7113ae2ba4b96d9a5b340418a3) Importer(815301076,1909f56bfc062723c751e8b465ee728b)
Start importing Assets/hty/main2/Lightmap-17_comp_light.exr using Guid(e9fa6a7113ae2ba4b96d9a5b340418a3) Importer(815301076,1909f56bfc062723c751e8b465ee728b) (PreviewImporter) -> (artifact id: '91a13cf4630fe2028e1e7557953e274d') in 0.0213269 seconds
Number of updated asset objects reloaded before import = 0Number of asset objects unloaded after import = 2

========================================================================
Received Import Request.
  Time since last request: 0.000041 seconds.
  path: Assets/hty/main2/Lightmap-18_comp_light.exr
  artifactKey: Guid(10daebf883dfde94ba470e967e55220e) Importer(815301076,1909f56bfc062723c751e8b465ee728b)
Start importing Assets/hty/main2/Lightmap-18_comp_light.exr using Guid(10daebf883dfde94ba470e967e55220e) Importer(815301076,1909f56bfc062723c751e8b465ee728b) (PreviewImporter) -> (artifact id: '2d988de57f3774b1abae0b236015ad1f') in 0.0197799 seconds
Number of updated asset objects reloaded before import = 0Number of asset objects unloaded after import = 2

========================================================================
Received Import Request.
  Time since last request: 0.000044 seconds.
  path: Assets/hty/main2/Lightmap-17_comp_dir.png
  artifactKey: Guid(cc14bb5ca3fa89942aab49ce05462234) Importer(815301076,1909f56bfc062723c751e8b465ee728b)
Start importing Assets/hty/main2/Lightmap-17_comp_dir.png using Guid(cc14bb5ca3fa89942aab49ce05462234) Importer(815301076,1909f56bfc062723c751e8b465ee728b) (PreviewImporter) -> (artifact id: 'df26be1750fd66d9b5432e40d2c3bec8') in 0.0215679 seconds
Number of updated asset objects reloaded before import = 0Number of asset objects unloaded after import = 2

========================================================================
Received Import Request.
  Time since last request: 0.000024 seconds.
  path: Assets/hty/main2/Lightmap-16_comp_light.exr
  artifactKey: Guid(51f0ffd80cb7dc44e816d7387ea55dfd) Importer(815301076,1909f56bfc062723c751e8b465ee728b)
Start importing Assets/hty/main2/Lightmap-16_comp_light.exr using Guid(51f0ffd80cb7dc44e816d7387ea55dfd) Importer(815301076,1909f56bfc062723c751e8b465ee728b) (PreviewImporter) -> (artifact id: '9d219f04a1dd48ac3c6e264ba835d905') in 0.021787 seconds
Number of updated asset objects reloaded before import = 0Number of asset objects unloaded after import = 2

========================================================================
Received Import Request.
  Time since last request: 0.000046 seconds.
  path: Assets/hty/main2/Lightmap-2_comp_dir.png
  artifactKey: Guid(a02328fd1e7a01943897836d9ab87eb5) Importer(815301076,1909f56bfc062723c751e8b465ee728b)
Start importing Assets/hty/main2/Lightmap-2_comp_dir.png using Guid(a02328fd1e7a01943897836d9ab87eb5) Importer(815301076,1909f56bfc062723c751e8b465ee728b) (PreviewImporter) -> (artifact id: '85e77f997a34699e862090633fe9d249') in 0.0199596 seconds
Number of updated asset objects reloaded before import = 0Number of asset objects unloaded after import = 2

========================================================================
Received Import Request.
  Time since last request: 0.000040 seconds.
  path: Assets/hty/main2/Lightmap-10_comp_dir.png
  artifactKey: Guid(37e905a7f1c404e4aad1ca37a6c0160b) Importer(815301076,1909f56bfc062723c751e8b465ee728b)
Start importing Assets/hty/main2/Lightmap-10_comp_dir.png using Guid(37e905a7f1c404e4aad1ca37a6c0160b) Importer(815301076,1909f56bfc062723c751e8b465ee728b) (PreviewImporter) -> (artifact id: '231bc75d9edf2e8b3a4a0d746bae7505') in 0.1602821 seconds
Number of updated asset objects reloaded before import = 0Number of asset objects unloaded after import = 2

========================================================================
Received Import Request.
  Time since last request: 0.000056 seconds.
  path: Assets/hty/main2/Lightmap-7_comp_light.exr
  artifactKey: Guid(a047b9c233281d74daac61ce2acea776) Importer(815301076,1909f56bfc062723c751e8b465ee728b)
Start importing Assets/hty/main2/Lightmap-7_comp_light.exr using Guid(a047b9c233281d74daac61ce2acea776) Importer(815301076,1909f56bfc062723c751e8b465ee728b) (PreviewImporter) -> (artifact id: '9d3350a9e950727095c5aafc1a09d325') in 0.0221855 seconds
Number of updated asset objects reloaded before import = 0Number of asset objects unloaded after import = 2

========================================================================
Received Import Request.
  Time since last request: 0.000026 seconds.
  path: Assets/hty/main2/Lightmap-15_comp_dir.png
  artifactKey: Guid(781dabf6e7a62bf47ae4a02895d6eb87) Importer(815301076,1909f56bfc062723c751e8b465ee728b)
Start importing Assets/hty/main2/Lightmap-15_comp_dir.png using Guid(781dabf6e7a62bf47ae4a02895d6eb87) Importer(815301076,1909f56bfc062723c751e8b465ee728b) (PreviewImporter) -> (artifact id: 'dfdedf89c97f9ce86fccc5e0dde002db') in 0.0238798 seconds
Number of updated asset objects reloaded before import = 0Number of asset objects unloaded after import = 2

========================================================================
Received Import Request.
  Time since last request: 0.000025 seconds.
  path: Assets/hty/main2/Lightmap-8_comp_light.exr
  artifactKey: Guid(27a1b8c726ecb514194a6ea62b570bef) Importer(815301076,1909f56bfc062723c751e8b465ee728b)
Start importing Assets/hty/main2/Lightmap-8_comp_light.exr using Guid(27a1b8c726ecb514194a6ea62b570bef) Importer(815301076,1909f56bfc062723c751e8b465ee728b) (PreviewImporter) -> (artifact id: '29bab15a18963524f92a8c989f4b2c1e') in 0.0206525 seconds
Number of updated asset objects reloaded before import = 0Number of asset objects unloaded after import = 2

========================================================================
Received Import Request.
  Time since last request: 0.000051 seconds.
  path: Assets/hty/main2/Lightmap-14_comp_dir.png
  artifactKey: Guid(9f32db110187bbb4cb19b36e4fda0882) Importer(815301076,1909f56bfc062723c751e8b465ee728b)
Start importing Assets/hty/main2/Lightmap-14_comp_dir.png using Guid(9f32db110187bbb4cb19b36e4fda0882) Importer(815301076,1909f56bfc062723c751e8b465ee728b) (PreviewImporter) -> (artifact id: '9675057d3053d037eea8368b11320763') in 0.0183916 seconds
Number of updated asset objects reloaded before import = 0Number of asset objects unloaded after import = 2

========================================================================
Received Import Request.
  Time since last request: 0.000030 seconds.
  path: Assets/hty/main2/Lightmap-5_comp_dir.png
  artifactKey: Guid(8a930a87ff45e194197ed06bbe014fd0) Importer(815301076,1909f56bfc062723c751e8b465ee728b)
Start importing Assets/hty/main2/Lightmap-5_comp_dir.png using Guid(8a930a87ff45e194197ed06bbe014fd0) Importer(815301076,1909f56bfc062723c751e8b465ee728b) (PreviewImporter) -> (artifact id: 'b61ec3b6c72f4dc1016d12bad1b484c8') in 0.0222976 seconds
Number of updated asset objects reloaded before import = 0Number of asset objects unloaded after import = 2

========================================================================
Received Import Request.
  Time since last request: 0.000037 seconds.
  path: Assets/hty/main2/Lightmap-19_comp_dir.png
  artifactKey: Guid(e1651206ba36b864c92194cb166f8272) Importer(815301076,1909f56bfc062723c751e8b465ee728b)
Start importing Assets/hty/main2/Lightmap-19_comp_dir.png using Guid(e1651206ba36b864c92194cb166f8272) Importer(815301076,1909f56bfc062723c751e8b465ee728b) (PreviewImporter) -> (artifact id: '2de79eda470337b76d5f085a02fd48fe') in 0.0190217 seconds
Number of updated asset objects reloaded before import = 0Number of asset objects unloaded after import = 2

========================================================================
Received Import Request.
  Time since last request: 0.000025 seconds.
  path: Assets/hty/main2/Lightmap-8_comp_dir.png
  artifactKey: Guid(47ca37c58fd8b1b488ca0d87e6e1cb84) Importer(815301076,1909f56bfc062723c751e8b465ee728b)
Start importing Assets/hty/main2/Lightmap-8_comp_dir.png using Guid(47ca37c58fd8b1b488ca0d87e6e1cb84) Importer(815301076,1909f56bfc062723c751e8b465ee728b) (PreviewImporter) -> (artifact id: '86159e714bff3a26a2dabcc3046cd4dc') in 0.0200428 seconds
Number of updated asset objects reloaded before import = 0Number of asset objects unloaded after import = 2

========================================================================
Received Import Request.
  Time since last request: 0.000031 seconds.
  path: Assets/hty/main2/Lightmap-11_comp_dir.png
  artifactKey: Guid(c8925a819d9073e4bb333092998be92b) Importer(815301076,1909f56bfc062723c751e8b465ee728b)
Start importing Assets/hty/main2/Lightmap-11_comp_dir.png using Guid(c8925a819d9073e4bb333092998be92b) Importer(815301076,1909f56bfc062723c751e8b465ee728b) (PreviewImporter) -> (artifact id: '30c1b74cf54343c66d50b645bf41438a') in 0.021937 seconds
Number of updated asset objects reloaded before import = 0Number of asset objects unloaded after import = 2

========================================================================
Received Import Request.
  Time since last request: 0.000035 seconds.
  path: Assets/hty/main2/Lightmap-1_comp_light.exr
  artifactKey: Guid(8b1debb6040e8f747bfe2f859585d078) Importer(815301076,1909f56bfc062723c751e8b465ee728b)
Start importing Assets/hty/main2/Lightmap-1_comp_light.exr using Guid(8b1debb6040e8f747bfe2f859585d078) Importer(815301076,1909f56bfc062723c751e8b465ee728b) (PreviewImporter) -> (artifact id: 'e7f6b497af36c15e807bde9109d5a503') in 0.0195551 seconds
Number of updated asset objects reloaded before import = 0Number of asset objects unloaded after import = 2

========================================================================
Received Import Request.
  Time since last request: 9.046162 seconds.
  path: Assets/hty/main2/Lightmap-21_comp_light.exr
  artifactKey: Guid(7133d693ae38cf246aa4ceedfcd70f8a) Importer(815301076,1909f56bfc062723c751e8b465ee728b)
Start importing Assets/hty/main2/Lightmap-21_comp_light.exr using Guid(7133d693ae38cf246aa4ceedfcd70f8a) Importer(815301076,1909f56bfc062723c751e8b465ee728b) (PreviewImporter) -> (artifact id: '4f6dc433f690b727e816c0f8c076da45') in 0.0205481 seconds
Number of updated asset objects reloaded before import = 0Number of asset objects unloaded after import = 2

========================================================================
Received Import Request.
  Time since last request: 0.000025 seconds.
  path: Assets/hty/main2/Lightmap-23_comp_light.exr
  artifactKey: Guid(77fe32d38c7fddc49a04087bfb34a5eb) Importer(815301076,1909f56bfc062723c751e8b465ee728b)
Start importing Assets/hty/main2/Lightmap-23_comp_light.exr using Guid(77fe32d38c7fddc49a04087bfb34a5eb) Importer(815301076,1909f56bfc062723c751e8b465ee728b) (PreviewImporter) -> (artifact id: 'd5a7c5f353c1b892d452965c91ca9416') in 0.021052 seconds
Number of updated asset objects reloaded before import = 0Number of asset objects unloaded after import = 2

========================================================================
Received Import Request.
  Time since last request: 0.000028 seconds.
  path: Assets/hty/main2/Lightmap-22_comp_light.exr
  artifactKey: Guid(4085a46c3486bda4ebdbf4e1e7095086) Importer(815301076,1909f56bfc062723c751e8b465ee728b)
Start importing Assets/hty/main2/Lightmap-22_comp_light.exr using Guid(4085a46c3486bda4ebdbf4e1e7095086) Importer(815301076,1909f56bfc062723c751e8b465ee728b) (PreviewImporter) -> (artifact id: 'aabbbeb673df79a029dd66a96c936a2b') in 0.0221747 seconds
Number of updated asset objects reloaded before import = 0Number of asset objects unloaded after import = 2

========================================================================
Received Import Request.
  Time since last request: 0.000042 seconds.
  path: Assets/hty/main2/Lightmap-29_comp_light.exr
  artifactKey: Guid(cd40d5d48da26c943a47476efc648bb9) Importer(815301076,1909f56bfc062723c751e8b465ee728b)
Start importing Assets/hty/main2/Lightmap-29_comp_light.exr using Guid(cd40d5d48da26c943a47476efc648bb9) Importer(815301076,1909f56bfc062723c751e8b465ee728b) (PreviewImporter) -> (artifact id: '2f1b49f9fde853e7a87ee138724ef7f6') in 0.0191895 seconds
Number of updated asset objects reloaded before import = 0Number of asset objects unloaded after import = 2

========================================================================
Received Import Request.
  Time since last request: 0.000046 seconds.
  path: Assets/hty/main2/Lightmap-24_comp_dir.png
  artifactKey: Guid(a210a9c1e8217e74aa916d224df7f3b7) Importer(815301076,1909f56bfc062723c751e8b465ee728b)
Start importing Assets/hty/main2/Lightmap-24_comp_dir.png using Guid(a210a9c1e8217e74aa916d224df7f3b7) Importer(815301076,1909f56bfc062723c751e8b465ee728b) (PreviewImporter) -> (artifact id: '3b9cdddef8c3e0a94cf0d0f8a149b10f') in 0.0197965 seconds
Number of updated asset objects reloaded before import = 0Number of asset objects unloaded after import = 2

========================================================================
Received Import Request.
  Time since last request: 0.000032 seconds.
  path: Assets/hty/main2/Lightmap-39_comp_dir.png
  artifactKey: Guid(a19036186097d1c46b951a13c691617b) Importer(815301076,1909f56bfc062723c751e8b465ee728b)
Start importing Assets/hty/main2/Lightmap-39_comp_dir.png using Guid(a19036186097d1c46b951a13c691617b) Importer(815301076,1909f56bfc062723c751e8b465ee728b) (PreviewImporter) -> (artifact id: '1c562fddc70c567ca25ce9f799a1c6e8') in 0.0220838 seconds
Number of updated asset objects reloaded before import = 0Number of asset objects unloaded after import = 2

========================================================================
Received Import Request.
  Time since last request: 0.000026 seconds.
  path: Assets/hty/main2/Lightmap-22_comp_dir.png
  artifactKey: Guid(ec8ff70a41e0385468a2d995cb2e8cef) Importer(815301076,1909f56bfc062723c751e8b465ee728b)
Start importing Assets/hty/main2/Lightmap-22_comp_dir.png using Guid(ec8ff70a41e0385468a2d995cb2e8cef) Importer(815301076,1909f56bfc062723c751e8b465ee728b) (PreviewImporter) -> (artifact id: 'be0a8846bde53bcf609288c50d0548f9') in 0.0197786 seconds
Number of updated asset objects reloaded before import = 0Number of asset objects unloaded after import = 2

========================================================================
Received Import Request.
  Time since last request: 0.000042 seconds.
  path: Assets/hty/main2/Lightmap-44_comp_light.exr
  artifactKey: Guid(237a46ed284463e4a88fc58781c4a2fb) Importer(815301076,1909f56bfc062723c751e8b465ee728b)
Start importing Assets/hty/main2/Lightmap-44_comp_light.exr using Guid(237a46ed284463e4a88fc58781c4a2fb) Importer(815301076,1909f56bfc062723c751e8b465ee728b) (PreviewImporter) -> (artifact id: '4cab3fd2211c5e413fbaa8b7d6c6b1c1') in 0.0198393 seconds
Number of updated asset objects reloaded before import = 0Number of asset objects unloaded after import = 2

========================================================================
Received Import Request.
  Time since last request: 0.000051 seconds.
  path: Assets/hty/main2/Lightmap-32_comp_light.exr
  artifactKey: Guid(7dde8252ccdd9df4497689582f7c39db) Importer(815301076,1909f56bfc062723c751e8b465ee728b)
Start importing Assets/hty/main2/Lightmap-32_comp_light.exr using Guid(7dde8252ccdd9df4497689582f7c39db) Importer(815301076,1909f56bfc062723c751e8b465ee728b) (PreviewImporter) -> (artifact id: 'e57f5d65e89489e3890a6d6cae0d9f4e') in 0.0212151 seconds
Number of updated asset objects reloaded before import = 0Number of asset objects unloaded after import = 2

========================================================================
Received Import Request.
  Time since last request: 0.000050 seconds.
  path: Assets/hty/main2/Lightmap-52_comp_light.exr
  artifactKey: Guid(b6b175c1c64ebf74fbe21de91a14b0c2) Importer(815301076,1909f56bfc062723c751e8b465ee728b)
Start importing Assets/hty/main2/Lightmap-52_comp_light.exr using Guid(b6b175c1c64ebf74fbe21de91a14b0c2) Importer(815301076,1909f56bfc062723c751e8b465ee728b) (PreviewImporter) -> (artifact id: 'b97910f2b415645f89c63ebd89f19507') in 0.0179135 seconds
Number of updated asset objects reloaded before import = 0Number of asset objects unloaded after import = 2

========================================================================
Received Import Request.
  Time since last request: 0.000036 seconds.
  path: Assets/hty/main2/Lightmap-30_comp_light.exr
  artifactKey: Guid(fb7b4e78544e19947a43d852201c7e89) Importer(815301076,1909f56bfc062723c751e8b465ee728b)
Start importing Assets/hty/main2/Lightmap-30_comp_light.exr using Guid(fb7b4e78544e19947a43d852201c7e89) Importer(815301076,1909f56bfc062723c751e8b465ee728b) (PreviewImporter) -> (artifact id: 'd0d884999d0765520a7b8627d8b152eb') in 0.0209445 seconds
Number of updated asset objects reloaded before import = 0Number of asset objects unloaded after import = 2

========================================================================
Received Import Request.
  Time since last request: 0.000054 seconds.
  path: Assets/hty/main2/Lightmap-46_comp_light.exr
  artifactKey: Guid(46dc2a41753515c458eabb5340447e60) Importer(815301076,1909f56bfc062723c751e8b465ee728b)
Start importing Assets/hty/main2/Lightmap-46_comp_light.exr using Guid(46dc2a41753515c458eabb5340447e60) Importer(815301076,1909f56bfc062723c751e8b465ee728b) (PreviewImporter) -> (artifact id: '4d98a60f6079a3faa683bdb8a2c339c1') in 0.0229518 seconds
Number of updated asset objects reloaded before import = 0Number of asset objects unloaded after import = 2

========================================================================
Received Import Request.
  Time since last request: 0.000037 seconds.
  path: Assets/hty/main2/Lightmap-50_comp_dir.png
  artifactKey: Guid(2656634472c008741a00ec11047cfd5d) Importer(815301076,1909f56bfc062723c751e8b465ee728b)
Start importing Assets/hty/main2/Lightmap-50_comp_dir.png using Guid(2656634472c008741a00ec11047cfd5d) Importer(815301076,1909f56bfc062723c751e8b465ee728b) (PreviewImporter) -> (artifact id: 'f83bf7d444af450f314c6d0824c42071') in 0.0209428 seconds
Number of updated asset objects reloaded before import = 0Number of asset objects unloaded after import = 2

========================================================================
Received Import Request.
  Time since last request: 0.000034 seconds.
  path: Assets/hty/main2/Lightmap-24_comp_light.exr
  artifactKey: Guid(0ee09ca9a8beb0e4da8f17068f5d2b6e) Importer(815301076,1909f56bfc062723c751e8b465ee728b)
Start importing Assets/hty/main2/Lightmap-24_comp_light.exr using Guid(0ee09ca9a8beb0e4da8f17068f5d2b6e) Importer(815301076,1909f56bfc062723c751e8b465ee728b) (PreviewImporter) -> (artifact id: '9b853b9809ab96d39ee276ff1ea5609e') in 0.023494 seconds
Number of updated asset objects reloaded before import = 0Number of asset objects unloaded after import = 2

========================================================================
Received Import Request.
  Time since last request: 0.000025 seconds.
  path: Assets/hty/main2/Lightmap-48_comp_dir.png
  artifactKey: Guid(e73187f3ad715554694315fbe21bb13f) Importer(815301076,1909f56bfc062723c751e8b465ee728b)
Start importing Assets/hty/main2/Lightmap-48_comp_dir.png using Guid(e73187f3ad715554694315fbe21bb13f) Importer(815301076,1909f56bfc062723c751e8b465ee728b) (PreviewImporter) -> (artifact id: '001bc355bfbf8f09564de637e17681d1') in 0.0204419 seconds
Number of updated asset objects reloaded before import = 0Number of asset objects unloaded after import = 2

========================================================================
Received Import Request.
  Time since last request: 0.000024 seconds.
  path: Assets/hty/main2/Lightmap-47_comp_light.exr
  artifactKey: Guid(b0cea6cc6989bf147b2efa5e5947fe04) Importer(815301076,1909f56bfc062723c751e8b465ee728b)
Start importing Assets/hty/main2/Lightmap-47_comp_light.exr using Guid(b0cea6cc6989bf147b2efa5e5947fe04) Importer(815301076,1909f56bfc062723c751e8b465ee728b) (PreviewImporter) -> (artifact id: '055a7165e893d3f7fb6d7d0d6d42366f') in 0.0200161 seconds
Number of updated asset objects reloaded before import = 0Number of asset objects unloaded after import = 2

========================================================================
Received Import Request.
  Time since last request: 0.000023 seconds.
  path: Assets/hty/main2/Lightmap-30_comp_dir.png
  artifactKey: Guid(e00ead01fec95534fb84e3e192963949) Importer(815301076,1909f56bfc062723c751e8b465ee728b)
Start importing Assets/hty/main2/Lightmap-30_comp_dir.png using Guid(e00ead01fec95534fb84e3e192963949) Importer(815301076,1909f56bfc062723c751e8b465ee728b) (PreviewImporter) -> (artifact id: '275a603c8301f5d8eee98704d70d918c') in 0.0233294 seconds
Number of updated asset objects reloaded before import = 0Number of asset objects unloaded after import = 2

========================================================================
Received Import Request.
  Time since last request: 0.000039 seconds.
  path: Assets/hty/main2/Lightmap-44_comp_dir.png
  artifactKey: Guid(478e57f86b5486441b5255621a195736) Importer(815301076,1909f56bfc062723c751e8b465ee728b)
Start importing Assets/hty/main2/Lightmap-44_comp_dir.png using Guid(478e57f86b5486441b5255621a195736) Importer(815301076,1909f56bfc062723c751e8b465ee728b) (PreviewImporter) -> (artifact id: 'c116411235d3e221118b8e8b7944bf00') in 0.0224315 seconds
Number of updated asset objects reloaded before import = 0Number of asset objects unloaded after import = 2

========================================================================
Received Import Request.
  Time since last request: 0.000047 seconds.
  path: Assets/hty/main2/Lightmap-38_comp_dir.png
  artifactKey: Guid(a5b69666034643c4dabb2b3d657f5280) Importer(815301076,1909f56bfc062723c751e8b465ee728b)
Start importing Assets/hty/main2/Lightmap-38_comp_dir.png using Guid(a5b69666034643c4dabb2b3d657f5280) Importer(815301076,1909f56bfc062723c751e8b465ee728b) (PreviewImporter) -> (artifact id: '1480626cecfdbba84dbe795afa6c065a') in 0.0249863 seconds
Number of updated asset objects reloaded before import = 0Number of asset objects unloaded after import = 2

========================================================================
Received Import Request.
  Time since last request: 0.000042 seconds.
  path: Assets/hty/main2/Lightmap-28_comp_light.exr
  artifactKey: Guid(431d118f94891c4419d751166450f4c1) Importer(815301076,1909f56bfc062723c751e8b465ee728b)
Start importing Assets/hty/main2/Lightmap-28_comp_light.exr using Guid(431d118f94891c4419d751166450f4c1) Importer(815301076,1909f56bfc062723c751e8b465ee728b) (PreviewImporter) -> (artifact id: '63bff4ef00c95ab42942e23da0f50a58') in 0.0250435 seconds
Number of updated asset objects reloaded before import = 0Number of asset objects unloaded after import = 2

========================================================================
Received Import Request.
  Time since last request: 0.000029 seconds.
  path: Assets/hty/main2/Lightmap-45_comp_dir.png
  artifactKey: Guid(6fd81603a43225d4e9b0f76f38de50ab) Importer(815301076,1909f56bfc062723c751e8b465ee728b)
Start importing Assets/hty/main2/Lightmap-45_comp_dir.png using Guid(6fd81603a43225d4e9b0f76f38de50ab) Importer(815301076,1909f56bfc062723c751e8b465ee728b) (PreviewImporter) -> (artifact id: '297e1f66f79457aba97453bccb4da4d8') in 0.0204938 seconds
Number of updated asset objects reloaded before import = 0Number of asset objects unloaded after import = 2

========================================================================
Received Import Request.
  Time since last request: 0.000037 seconds.
  path: Assets/hty/main2/Lightmap-37_comp_light.exr
  artifactKey: Guid(358671f87bd723a4b952f1d2342334d0) Importer(815301076,1909f56bfc062723c751e8b465ee728b)
Start importing Assets/hty/main2/Lightmap-37_comp_light.exr using Guid(358671f87bd723a4b952f1d2342334d0) Importer(815301076,1909f56bfc062723c751e8b465ee728b) (PreviewImporter) -> (artifact id: 'e4dce3db5b29d7a4dd95dd94b1d0c59a') in 0.0261962 seconds
Number of updated asset objects reloaded before import = 0Number of asset objects unloaded after import = 2

========================================================================
Received Import Request.
  Time since last request: 0.000036 seconds.
  path: Assets/hty/main2/Lightmap-32_comp_dir.png
  artifactKey: Guid(058bea22963666a459a6674cd9a7bf35) Importer(815301076,1909f56bfc062723c751e8b465ee728b)
Start importing Assets/hty/main2/Lightmap-32_comp_dir.png using Guid(058bea22963666a459a6674cd9a7bf35) Importer(815301076,1909f56bfc062723c751e8b465ee728b) (PreviewImporter) -> (artifact id: 'f6ffb5de7c29a4ee8ad44592a085b5f6') in 0.020861 seconds
Number of updated asset objects reloaded before import = 0Number of asset objects unloaded after import = 2

========================================================================
Received Import Request.
  Time since last request: 0.000036 seconds.
  path: Assets/hty/main2/Lightmap-46_comp_dir.png
  artifactKey: Guid(1fc0cf7355656a94e8721ec79ec7f2cb) Importer(815301076,1909f56bfc062723c751e8b465ee728b)
Start importing Assets/hty/main2/Lightmap-46_comp_dir.png using Guid(1fc0cf7355656a94e8721ec79ec7f2cb) Importer(815301076,1909f56bfc062723c751e8b465ee728b) (PreviewImporter) -> (artifact id: '308a618a776026982c6a67c20fa42b68') in 0.0217035 seconds
Number of updated asset objects reloaded before import = 0Number of asset objects unloaded after import = 2

========================================================================
Received Import Request.
  Time since last request: 0.000030 seconds.
  path: Assets/hty/main2/Lightmap-25_comp_dir.png
  artifactKey: Guid(ca95652ad8915564794d815627f25818) Importer(815301076,1909f56bfc062723c751e8b465ee728b)
Start importing Assets/hty/main2/Lightmap-25_comp_dir.png using Guid(ca95652ad8915564794d815627f25818) Importer(815301076,1909f56bfc062723c751e8b465ee728b) (PreviewImporter) -> (artifact id: 'afbdf9196950184f166bee60ed39cfad') in 0.0198091 seconds
Number of updated asset objects reloaded before import = 0Number of asset objects unloaded after import = 2

========================================================================
Received Import Request.
  Time since last request: 0.000075 seconds.
  path: Assets/hty/main2/Lightmap-42_comp_dir.png
  artifactKey: Guid(2afd93baa943abe4090c4dbc10c3c854) Importer(815301076,1909f56bfc062723c751e8b465ee728b)
Start importing Assets/hty/main2/Lightmap-42_comp_dir.png using Guid(2afd93baa943abe4090c4dbc10c3c854) Importer(815301076,1909f56bfc062723c751e8b465ee728b) (PreviewImporter) -> (artifact id: '2c45a797c537b2fdc31d16aa06ccf40e') in 0.0217858 seconds
Number of updated asset objects reloaded before import = 0Number of asset objects unloaded after import = 2

========================================================================
Received Import Request.
  Time since last request: 0.000024 seconds.
  path: Assets/hty/main2/Lightmap-49_comp_light.exr
  artifactKey: Guid(7e24538289166174b80fb13c66f469dd) Importer(815301076,1909f56bfc062723c751e8b465ee728b)
Start importing Assets/hty/main2/Lightmap-49_comp_light.exr using Guid(7e24538289166174b80fb13c66f469dd) Importer(815301076,1909f56bfc062723c751e8b465ee728b) (PreviewImporter) -> (artifact id: 'fffa1a735de370ba14802fd055cc4538') in 0.0202564 seconds
Number of updated asset objects reloaded before import = 0Number of asset objects unloaded after import = 2

========================================================================
Received Import Request.
  Time since last request: 0.000043 seconds.
  path: Assets/hty/main2/Lightmap-43_comp_light.exr
  artifactKey: Guid(deca2c89097df4344855157389a59cf8) Importer(815301076,1909f56bfc062723c751e8b465ee728b)
Start importing Assets/hty/main2/Lightmap-43_comp_light.exr using Guid(deca2c89097df4344855157389a59cf8) Importer(815301076,1909f56bfc062723c751e8b465ee728b) (PreviewImporter) -> (artifact id: '2092d97a3f935b6533b3022cd6d3d953') in 0.0216691 seconds
Number of updated asset objects reloaded before import = 0Number of asset objects unloaded after import = 2

========================================================================
Received Import Request.
  Time since last request: 0.000055 seconds.
  path: Assets/hty/main2/Lightmap-28_comp_dir.png
  artifactKey: Guid(ad867ac242894c740ac3396b39366ce1) Importer(815301076,1909f56bfc062723c751e8b465ee728b)
Start importing Assets/hty/main2/Lightmap-28_comp_dir.png using Guid(ad867ac242894c740ac3396b39366ce1) Importer(815301076,1909f56bfc062723c751e8b465ee728b) (PreviewImporter) -> (artifact id: '07b563509e4793f8250845eab399f154') in 0.0216064 seconds
Number of updated asset objects reloaded before import = 0Number of asset objects unloaded after import = 2

========================================================================
Received Import Request.
  Time since last request: 0.000030 seconds.
  path: Assets/hty/main2/Lightmap-51_comp_light.exr
  artifactKey: Guid(d33a63be6d69a934c8a0014c28675fdf) Importer(815301076,1909f56bfc062723c751e8b465ee728b)
Start importing Assets/hty/main2/Lightmap-51_comp_light.exr using Guid(d33a63be6d69a934c8a0014c28675fdf) Importer(815301076,1909f56bfc062723c751e8b465ee728b) (PreviewImporter) -> (artifact id: '52f002abb80fdc2564ee7bcdb76c0cc5') in 0.022644 seconds
Number of updated asset objects reloaded before import = 0Number of asset objects unloaded after import = 2

========================================================================
Received Import Request.
  Time since last request: 0.000042 seconds.
  path: Assets/hty/main2/Lightmap-29_comp_dir.png
  artifactKey: Guid(72acb40fb712f744a9d367ac274d7117) Importer(815301076,1909f56bfc062723c751e8b465ee728b)
Start importing Assets/hty/main2/Lightmap-29_comp_dir.png using Guid(72acb40fb712f744a9d367ac274d7117) Importer(815301076,1909f56bfc062723c751e8b465ee728b) (PreviewImporter) -> (artifact id: '9bfdb052ad43174563599b8f7ffbb63d') in 0.0205604 seconds
Number of updated asset objects reloaded before import = 0Number of asset objects unloaded after import = 2

Editor requested this worker to shutdown with reason: Scaling down because of idle timeout
AssetImportWorker is now disconnected from the server
Process exiting
Exiting without the bug reporter. Application will terminate with return code 0